# JRE version: Java(TM) SE Runtime Environment (7.0_51-b13) (build 1.7.0_51-b13)
# Java VM: Java HotSpot(TM) Server VM (24.51-b03 mixed mode linux-x86 )
Heap
 PSYoungGen      total 11520K, used 7868K [0xa9e00000, 0xaad80000, 0xb4600000)
  eden space 7936K, 61% used [0xa9e00000,0xaa2c6a48,0xaa5c0000)
  from space 3584K, 83% used [0xaa980000,0xaac685c8,0xaad00000)
  to   space 3840K, 0% used [0xaa5c0000,0xaa5c0000,0xaa980000)
 ParOldGen       total 21504K, used 5292K [0x94e00000, 0x96300000, 0xa9e00000)
  object space 21504K, 24% used [0x94e00000,0x9532b120,0x96300000)
 PSPermGen       total 16384K, used 5749K [0x90e00000, 0x91e00000, 0x94e00000)
  object space 16384K, 35% used [0x90e00000,0x9139d4a0,0x91e00000)
GC Heap History (10 events):
Event: 2,425 GC heap before
{Heap before GC invocations=2 (full 0):
 PSYoungGen      total 9472K, used 9459K [0xa9e00000, 0xaa880000, 0xb4600000)
  eden space 8192K, 100% used [0xa9e00000,0xaa600000,0xaa600000)
  from space 1280K, 99% used [0xaa600000,0xaa73cde8,0xaa740000)
  to   space 1280K, 0% used [0xaa740000,0xaa740000,0xaa880000)
 ParOldGen       total 21504K, used 669K [0x94e00000, 0x96300000, 0xa9e00000)
  object space 21504K, 3% used [0x94e00000,0x94ea74b8,0x96300000)
 PSPermGen       total 16384K, used 5685K [0x90e00000, 0x91e00000, 0x94e00000)
  object space 16384K, 34% used [0x90e00000,0x9138d4e8,0x91e00000)
Event: 2,434 GC heap after
Heap after GC invocations=2 (full 0):
 PSYoungGen      total 9472K, used 1264K [0xa9e00000, 0xaa880000, 0xb4600000)
  eden space 8192K, 0% used [0xa9e00000,0xa9e00000,0xaa600000)
  from space 1280K, 98% used [0xaa740000,0xaa87c1e0,0xaa880000)
  to   space 1280K, 0% used [0xaa600000,0xaa600000,0xaa740000)
 ParOldGen       total 21504K, used 2400K [0x94e00000, 0x96300000, 0xa9e00000)
  object space 21504K, 11% used [0x94e00000,0x950583a8,0x96300000)
 PSPermGen       total 16384K, used 5685K [0x90e00000, 0x91e00000, 0x94e00000)
  object space 16384K, 34% used [0x90e00000,0x9138d4e8,0x91e00000)
}
Event: 2,963 GC heap before
{Heap before GC invocations=3 (full 0):
 PSYoungGen      total 9472K, used 9177K [0xa9e00000, 0xaa880000, 0xb4600000)
  eden space 8192K, 96% used [0xa9e00000,0xaa5ba438,0xaa600000)
  from space 1280K, 98% used [0xaa740000,0xaa87c1e0,0xaa880000)
  to   space 1280K, 0% used [0xaa600000,0xaa600000,0xaa740000)
 ParOldGen       total 21504K, used 2400K [0x94e00000, 0x96300000, 0xa9e00000)
  object space 21504K, 11% used [0x94e00000,0x950583a8,0x96300000)
 PSPermGen       total 16384K, used 5692K [0x90e00000, 0x91e00000, 0x94e00000)
  object space 16384K, 34% used [0x90e00000,0x9138f138,0x91e00000)
Event: 2,967 GC heap after
Heap after GC invocations=3 (full 0):
 PSYoungGen      total 9472K, used 1273K [0xa9e00000, 0xaa880000, 0xb4600000)
  eden space 8192K, 0% used [0xa9e00000,0xa9e00000,0xaa600000)
  from space 1280K, 99% used [0xaa600000,0xaa73e650,0xaa740000)
  to   space 1280K, 0% used [0xaa740000,0xaa740000,0xaa880000)
 ParOldGen       total 21504K, used 3997K [0x94e00000, 0x96300000, 0xa9e00000)
  object space 21504K, 18% used [0x94e00000,0x951e7460,0x96300000)
 PSPermGen       total 16384K, used 5692K [0x90e00000, 0x91e00000, 0x94e00000)
  object space 16384K, 34% used [0x90e00000,0x9138f138,0x91e00000)
}
Event: 3,504 GC heap before
{Heap before GC invocations=4 (full 0):
 PSYoungGen      total 9472K, used 9140K [0xa9e00000, 0xaa880000, 0xb4600000)
  eden space 8192K, 96% used [0xa9e00000,0xaa5ae9c8,0xaa600000)
  from space 1280K, 99% used [0xaa600000,0xaa73e650,0xaa740000)
  to   space 1280K, 0% used [0xaa740000,0xaa740000,0xaa880000)
 ParOldGen       total 21504K, used 3997K [0x94e00000, 0x96300000, 0xa9e00000)
  object space 21504K, 18% used [0x94e00000,0x951e7460,0x96300000)
 PSPermGen       total 16384K, used 5700K [0x90e00000, 0x91e00000, 0x94e00000)
  object space 16384K, 34% used [0x90e00000,0x91391088,0x91e00000)
Event: 3,513 GC heap after
Heap after GC invocations=4 (full 0):
 PSYoungGen      total 9472K, used 1273K [0xa9e00000, 0xab080000, 0xb4600000)
  eden space 8192K, 0% used [0xa9e00000,0xa9e00000,0xaa600000)
  from space 1280K, 99% used [0xaa740000,0xaa87e650,0xaa880000)
  to   space 1280K, 0% used [0xaa600000,0xaa600000,0xaa740000)
 ParOldGen       total 21504K, used 5272K [0x94e00000, 0x96300000, 0xa9e00000)
  object space 21504K, 24% used [0x94e00000,0x95326110,0x96300000)
 PSPermGen       total 16384K, used 5700K [0x90e00000, 0x91e00000, 0x94e00000)
  object space 16384K, 34% used [0x90e00000,0x91391088,0x91e00000)
}
Event: 4,312 GC heap before
{Heap before GC invocations=5 (full 0):
 PSYoungGen      total 9472K, used 9137K [0xa9e00000, 0xab080000, 0xb4600000)
  eden space 8192K, 95% used [0xa9e00000,0xaa5ae088,0xaa600000)
  from space 1280K, 99% used [0xaa740000,0xaa87e650,0xaa880000)
  to   space 1280K, 0% used [0xaa600000,0xaa600000,0xaa740000)
 ParOldGen       total 21504K, used 5272K [0x94e00000, 0x96300000, 0xa9e00000)
  object space 21504K, 24% used [0x94e00000,0x95326110,0x96300000)
 PSPermGen       total 16384K, used 5700K [0x90e00000, 0x91e00000, 0x94e00000)
  object space 16384K, 34% used [0x90e00000,0x91391370,0x91e00000)
Event: 4,318 GC heap after
Heap after GC invocations=5 (full 0):
 PSYoungGen      total 9472K, used 1273K [0xa9e00000, 0xaad00000, 0xb4600000)
  eden space 8192K, 0% used [0xa9e00000,0xa9e00000,0xaa600000)
  from space 1280K, 99% used [0xaa600000,0xaa73e650,0xaa740000)
  to   space 3584K, 0% used [0xaa980000,0xaa980000,0xaad00000)
 ParOldGen       total 21504K, used 5292K [0x94e00000, 0x96300000, 0xa9e00000)
  object space 21504K, 24% used [0x94e00000,0x9532b120,0x96300000)
 PSPermGen       total 16384K, used 5700K [0x90e00000, 0x91e00000, 0x94e00000)
  object space 16384K, 34% used [0x90e00000,0x91391370,0x91e00000)
}
Event: 5,162 GC heap before
{Heap before GC invocations=6 (full 0):
 PSYoungGen      total 9472K, used 8513K [0xa9e00000, 0xaad00000, 0xb4600000)
  eden space 8192K, 88% used [0xa9e00000,0xaa5120f0,0xaa600000)
  from space 1280K, 99% used [0xaa600000,0xaa73e650,0xaa740000)
  to   space 3584K, 0% used [0xaa980000,0xaa980000,0xaad00000)
 ParOldGen       total 21504K, used 5292K [0x94e00000, 0x96300000, 0xa9e00000)
  object space 21504K, 24% used [0x94e00000,0x9532b120,0x96300000)
 PSPermGen       total 16384K, used 5704K [0x90e00000, 0x91e00000, 0x94e00000)
  object space 16384K, 34% used [0x90e00000,0x913920f8,0x91e00000)
Event: 5,169 GC heap after
Heap after GC invocations=6 (full 0):
 PSYoungGen      total 11520K, used 2977K [0xa9e00000, 0xaad80000, 0xb4600000)
  eden space 7936K, 0% used [0xa9e00000,0xa9e00000,0xaa5c0000)
  from space 3584K, 83% used [0xaa980000,0xaac685c8,0xaad00000)
  to   space 3840K, 0% used [0xaa5c0000,0xaa5c0000,0xaa980000)
 ParOldGen       total 21504K, used 5292K [0x94e00000, 0x96300000, 0xa9e00000)
  object space 21504K, 24% used [0x94e00000,0x9532b120,0x96300000)
 PSPermGen       total 16384K, used 5704K [0x90e00000, 0x91e00000, 0x94e00000)
  object space 16384K, 34% used [0x90e00000,0x913920f8,0x91e00000)
}

